OpenROAD 0889970d1790a2617e69f253221b8bd7626e51dc 
This program is licensed under the BSD-3 license. See the LICENSE file for details.
Components of this program may be licensed under more restrictive licenses which must be honored.
[INFO]: Reading ODB at '/openlane/designs/fa/runs/run1/tmp/placement/10-global.odb'…
define_corners Typical
read_liberty -corner Typical /root/.volare/sky130A/libs.ref/sky130_fd_sc_hd/lib/sky130_fd_sc_hd__tt_025C_1v80.lib
Using 1e-12 for capacitance...
Using 1e+03 for resistance...
Using 1e-09 for time...
Using 1e+00 for voltage...
Using 1e-03 for current...
Using 1e-09 for power...
Using 1e-06 for distance...
Reading design constraints file at '/openlane/scripts/base.sdc'…
[INFO]: Setting output delay to: 2.0
[INFO]: Setting input delay to: 2.0
[WARNING STA-0337] port '__VIRTUAL_CLK__' not found.
[INFO]: Setting load to: 0.033442
[INFO]: Setting clock uncertainty to: 0.25
[INFO]: Setting clock transition to: 0.15
[WARNING STA-0559] transition time can not be specified for virtual clocks.
[INFO]: Setting timing derate to: 5.0 %
[INFO]: Setting RC values...
min_report

===========================================================================
report_checks -path_delay min (Hold)
============================================================================
======================= Typical Corner ===================================

Startpoint: b (input port clocked by __VIRTUAL_CLK__)
Endpoint: s (output port clocked by __VIRTUAL_CLK__)
Path Group: __VIRTUAL_CLK__
Path Type: min

Fanout     Cap    Slew   Delay    Time   Description
-----------------------------------------------------------------------------
                  0.00    0.00    0.00   clock __VIRTUAL_CLK__ (rise edge)
                          0.00    0.00   clock network delay (ideal)
                          2.00    2.00 ^ input external delay
     2    0.02    0.11    0.07    2.07 ^ b (in)
                                         b (net)
                  0.11    0.00    2.07 ^ _5_/A (sky130_fd_sc_hd__xnor2_2)
     1    0.04    0.19    0.19    2.26 v _5_/Y (sky130_fd_sc_hd__xnor2_2)
                                         s (net)
                  0.19    0.00    2.27 v s (out)
                                  2.27   data arrival time

                  0.00    0.00    0.00   clock __VIRTUAL_CLK__ (rise edge)
                          0.00    0.00   clock network delay (ideal)
                          0.25    0.25   clock uncertainty
                          0.00    0.25   clock reconvergence pessimism
                         -2.00   -1.75   output external delay
                                 -1.75   data required time
-----------------------------------------------------------------------------
                                 -1.75   data required time
                                 -2.27   data arrival time
-----------------------------------------------------------------------------
                                  4.02   slack (MET)


Startpoint: b (input port clocked by __VIRTUAL_CLK__)
Endpoint: cout (output port clocked by __VIRTUAL_CLK__)
Path Group: __VIRTUAL_CLK__
Path Type: min

Fanout     Cap    Slew   Delay    Time   Description
-----------------------------------------------------------------------------
                  0.00    0.00    0.00   clock __VIRTUAL_CLK__ (rise edge)
                          0.00    0.00   clock network delay (ideal)
                          2.00    2.00 v input external delay
     2    0.02    0.05    0.03    2.03 v b (in)
                                         b (net)
                  0.05    0.00    2.03 v _8_/S (sky130_fd_sc_hd__mux2_2)
     1    0.00    0.04    0.25    2.28 v _8_/X (sky130_fd_sc_hd__mux2_2)
                                         _0_ (net)
                  0.04    0.00    2.28 v _9_/A (sky130_fd_sc_hd__buf_1)
     1    0.04    0.25    0.25    2.53 v _9_/X (sky130_fd_sc_hd__buf_1)
                                         cout (net)
                  0.25    0.00    2.53 v cout (out)
                                  2.53   data arrival time

                  0.00    0.00    0.00   clock __VIRTUAL_CLK__ (rise edge)
                          0.00    0.00   clock network delay (ideal)
                          0.25    0.25   clock uncertainty
                          0.00    0.25   clock reconvergence pessimism
                         -2.00   -1.75   output external delay
                                 -1.75   data required time
-----------------------------------------------------------------------------
                                 -1.75   data required time
                                 -2.53   data arrival time
-----------------------------------------------------------------------------
                                  4.28   slack (MET)



worst slack corner Typical: 4.0172
min_report_end
max_report

===========================================================================
report_checks -path_delay max (Setup)
============================================================================
======================= Typical Corner ===================================

Startpoint: a (input port clocked by __VIRTUAL_CLK__)
Endpoint: cout (output port clocked by __VIRTUAL_CLK__)
Path Group: __VIRTUAL_CLK__
Path Type: max

Fanout     Cap    Slew   Delay    Time   Description
-----------------------------------------------------------------------------
                  0.00    0.00    0.00   clock __VIRTUAL_CLK__ (rise edge)
                          0.00    0.00   clock network delay (ideal)
                          2.00    2.00 v input external delay
     3    0.02    0.06    0.04    2.04 v a (in)
                                         a (net)
                  0.06    0.00    2.04 v _6_/A (sky130_fd_sc_hd__or2_2)
     1    0.00    0.05    0.30    2.34 v _6_/X (sky130_fd_sc_hd__or2_2)
                                         _2_ (net)
                  0.05    0.00    2.34 v _8_/A0 (sky130_fd_sc_hd__mux2_2)
     1    0.00    0.05    0.26    2.60 v _8_/X (sky130_fd_sc_hd__mux2_2)
                                         _0_ (net)
                  0.05    0.00    2.60 v _9_/A (sky130_fd_sc_hd__buf_1)
     1    0.04    0.25    0.27    2.88 v _9_/X (sky130_fd_sc_hd__buf_1)
                                         cout (net)
                  0.25    0.00    2.88 v cout (out)
                                  2.88   data arrival time

                  0.00   10.00   10.00   clock __VIRTUAL_CLK__ (rise edge)
                          0.00   10.00   clock network delay (ideal)
                         -0.25    9.75   clock uncertainty
                          0.00    9.75   clock reconvergence pessimism
                         -2.00    7.75   output external delay
                                  7.75   data required time
-----------------------------------------------------------------------------
                                  7.75   data required time
                                 -2.88   data arrival time
-----------------------------------------------------------------------------
                                  4.87   slack (MET)


Startpoint: a (input port clocked by __VIRTUAL_CLK__)
Endpoint: s (output port clocked by __VIRTUAL_CLK__)
Path Group: __VIRTUAL_CLK__
Path Type: max

Fanout     Cap    Slew   Delay    Time   Description
-----------------------------------------------------------------------------
                  0.00    0.00    0.00   clock __VIRTUAL_CLK__ (rise edge)
                          0.00    0.00   clock network delay (ideal)
                          2.00    2.00 v input external delay
     3    0.02    0.06    0.04    2.04 v a (in)
                                         a (net)
                  0.06    0.00    2.04 v _4_/A (sky130_fd_sc_hd__xnor2_2)
     1    0.01    0.06    0.16    2.20 v _4_/Y (sky130_fd_sc_hd__xnor2_2)
                                         _1_ (net)
                  0.06    0.00    2.20 v _5_/B (sky130_fd_sc_hd__xnor2_2)
     1    0.04    0.56    0.48    2.67 ^ _5_/Y (sky130_fd_sc_hd__xnor2_2)
                                         s (net)
                  0.56    0.00    2.68 ^ s (out)
                                  2.68   data arrival time

                  0.00   10.00   10.00   clock __VIRTUAL_CLK__ (rise edge)
                          0.00   10.00   clock network delay (ideal)
                         -0.25    9.75   clock uncertainty
                          0.00    9.75   clock reconvergence pessimism
                         -2.00    7.75   output external delay
                                  7.75   data required time
-----------------------------------------------------------------------------
                                  7.75   data required time
                                 -2.68   data arrival time
-----------------------------------------------------------------------------
                                  5.07   slack (MET)



worst slack corner Typical: 4.8687
max_report_end
checks_report

===========================================================================
report_checks -unconstrained
===========================================================================
======================= Typical Corner ===================================

Startpoint: a (input port clocked by __VIRTUAL_CLK__)
Endpoint: cout (output port clocked by __VIRTUAL_CLK__)
Path Group: __VIRTUAL_CLK__
Path Type: max

Fanout     Cap    Slew   Delay    Time   Description
-----------------------------------------------------------------------------
                  0.00    0.00    0.00   clock __VIRTUAL_CLK__ (rise edge)
                          0.00    0.00   clock network delay (ideal)
                          2.00    2.00 v input external delay
     3    0.02    0.06    0.04    2.04 v a (in)
                                         a (net)
                  0.06    0.00    2.04 v _6_/A (sky130_fd_sc_hd__or2_2)
     1    0.00    0.05    0.30    2.34 v _6_/X (sky130_fd_sc_hd__or2_2)
                                         _2_ (net)
                  0.05    0.00    2.34 v _8_/A0 (sky130_fd_sc_hd__mux2_2)
     1    0.00    0.05    0.26    2.60 v _8_/X (sky130_fd_sc_hd__mux2_2)
                                         _0_ (net)
                  0.05    0.00    2.60 v _9_/A (sky130_fd_sc_hd__buf_1)
     1    0.04    0.25    0.27    2.88 v _9_/X (sky130_fd_sc_hd__buf_1)
                                         cout (net)
                  0.25    0.00    2.88 v cout (out)
                                  2.88   data arrival time

                  0.00   10.00   10.00   clock __VIRTUAL_CLK__ (rise edge)
                          0.00   10.00   clock network delay (ideal)
                         -0.25    9.75   clock uncertainty
                          0.00    9.75   clock reconvergence pessimism
                         -2.00    7.75   output external delay
                                  7.75   data required time
-----------------------------------------------------------------------------
                                  7.75   data required time
                                 -2.88   data arrival time
-----------------------------------------------------------------------------
                                  4.87   slack (MET)




===========================================================================
report_checks --slack_max -0.01
============================================================================
======================= Typical Corner ===================================

No paths found.


===========================================================================
 report_check_types -max_slew -max_cap -max_fanout -violators
============================================================================
======================= Typical Corner ===================================


max slew violations count Typical: 0
max fanout violations count Typical: 0
max cap violations count Typical: 0

===========================================================================
report_parasitic_annotation -report_unannotated
============================================================================
Found 9 unannotated drivers.
 a
 b
 cin
 _4_/Y
 _5_/Y
 _6_/X
 _7_/Y
 _8_/X
 _9_/X
Found 0 partially unannotated drivers.

===========================================================================
max slew violation count 0
max fanout violation count 0
max cap violation count 0
============================================================================

===========================================================================
check_setup -verbose -unconstrained_endpoints -multiple_clock -no_clock -no_input_delay -loops -generated_clocks
===========================================================================
checks_report_end
power_report

===========================================================================
 report_power
============================================================================
======================= Typical Corner ===================================

Group                  Internal  Switching    Leakage      Total
                          Power      Power      Power      Power (Watts)
----------------------------------------------------------------
Sequential             0.00e+00   0.00e+00   0.00e+00   0.00e+00   0.0%
Combinational          1.46e-06   2.77e-06   2.42e-11   4.23e-06 100.0%
Clock                  0.00e+00   0.00e+00   5.83e-10   5.83e-10   0.0%
Macro                  0.00e+00   0.00e+00   0.00e+00   0.00e+00   0.0%
Pad                    0.00e+00   0.00e+00   0.00e+00   0.00e+00   0.0%
----------------------------------------------------------------
Total                  1.46e-06   2.77e-06   6.07e-10   4.23e-06 100.0%
                          34.5%      65.4%       0.0%

power_report_end
summary_report

===========================================================================
report_tns
============================================================================
tns 0.00

===========================================================================
report_wns
============================================================================
wns 0.00

===========================================================================
report_worst_slack -max (Setup)
============================================================================
worst slack 4.87

===========================================================================
report_worst_slack -min (Hold)
============================================================================
worst slack 4.02
summary_report_end
area_report

===========================================================================
report_design_area
============================================================================
Design area 2190 u^2 2% utilization.
area_report_end
[WARNING] Did not save OpenROAD database!
Writing SDF to '/openlane/designs/fa/runs/run1/results/signoff/fa.sdf'…
