OpenROAD 0889970d1790a2617e69f253221b8bd7626e51dc 
This program is licensed under the BSD-3 license. See the LICENSE file for details.
Components of this program may be licensed under more restrictive licenses which must be honored.
[INFO]: Reading ODB at '/openlane/designs/fa/runs/run1/tmp/17-fa.odb'…
define_corners Typical
read_liberty -corner Typical /root/.volare/sky130A/libs.ref/sky130_fd_sc_hd/lib/sky130_fd_sc_hd__tt_025C_1v80.lib
Using 1e-12 for capacitance...
Using 1e+03 for resistance...
Using 1e-09 for time...
Using 1e+00 for voltage...
Using 1e-03 for current...
Using 1e-09 for power...
Using 1e-06 for distance...
Reading design constraints file at '/openlane/scripts/base.sdc'…
[INFO]: Setting output delay to: 2.0
[INFO]: Setting input delay to: 2.0
[WARNING STA-0337] port '__VIRTUAL_CLK__' not found.
[INFO]: Setting load to: 0.033442
[INFO]: Setting clock uncertainty to: 0.25
[INFO]: Setting clock transition to: 0.15
[WARNING STA-0559] transition time can not be specified for virtual clocks.
[INFO]: Setting timing derate to: 5.0 %
[INFO]: Setting RC values...
min_report

===========================================================================
report_checks -path_delay min (Hold)
============================================================================
======================= Typical Corner ===================================

Startpoint: b (input port clocked by __VIRTUAL_CLK__)
Endpoint: s (output port clocked by __VIRTUAL_CLK__)
Path Group: __VIRTUAL_CLK__
Path Type: min

Fanout     Cap    Slew   Delay    Time   Description
-----------------------------------------------------------------------------
                  0.00    0.00    0.00   clock __VIRTUAL_CLK__ (rise edge)
                          0.00    0.00   clock network delay (ideal)
                          2.00    2.00 ^ input external delay
     1    0.00    0.02    0.01    2.01 ^ b (in)
                                         b (net)
                  0.02    0.00    2.01 ^ input2/A (sky130_fd_sc_hd__clkbuf_2)
     2    0.01    0.08    0.11    2.13 ^ input2/X (sky130_fd_sc_hd__clkbuf_2)
                                         net2 (net)
                  0.08    0.00    2.13 ^ _5_/A (sky130_fd_sc_hd__xnor2_2)
     1    0.01    0.07    0.09    2.22 v _5_/Y (sky130_fd_sc_hd__xnor2_2)
                                         net5 (net)
                  0.07    0.00    2.22 v output5/A (sky130_fd_sc_hd__clkbuf_4)
     1    0.04    0.08    0.19    2.41 v output5/X (sky130_fd_sc_hd__clkbuf_4)
                                         s (net)
                  0.08    0.00    2.41 v s (out)
                                  2.41   data arrival time

                  0.00    0.00    0.00   clock __VIRTUAL_CLK__ (rise edge)
                          0.00    0.00   clock network delay (ideal)
                          0.25    0.25   clock uncertainty
                          0.00    0.25   clock reconvergence pessimism
                         -2.00   -1.75   output external delay
                                 -1.75   data required time
-----------------------------------------------------------------------------
                                 -1.75   data required time
                                 -2.41   data arrival time
-----------------------------------------------------------------------------
                                  4.16   slack (MET)


Startpoint: b (input port clocked by __VIRTUAL_CLK__)
Endpoint: cout (output port clocked by __VIRTUAL_CLK__)
Path Group: __VIRTUAL_CLK__
Path Type: min

Fanout     Cap    Slew   Delay    Time   Description
-----------------------------------------------------------------------------
                  0.00    0.00    0.00   clock __VIRTUAL_CLK__ (rise edge)
                          0.00    0.00   clock network delay (ideal)
                          2.00    2.00 ^ input external delay
     1    0.00    0.02    0.01    2.01 ^ b (in)
                                         b (net)
                  0.02    0.00    2.01 ^ input2/A (sky130_fd_sc_hd__clkbuf_2)
     2    0.01    0.08    0.11    2.13 ^ input2/X (sky130_fd_sc_hd__clkbuf_2)
                                         net2 (net)
                  0.08    0.00    2.13 ^ _8_/S (sky130_fd_sc_hd__mux2_1)
     1    0.00    0.04    0.13    2.25 ^ _8_/X (sky130_fd_sc_hd__mux2_1)
                                         _0_ (net)
                  0.04    0.00    2.25 ^ _9_/A (sky130_fd_sc_hd__buf_1)
     1    0.01    0.15    0.14    2.40 ^ _9_/X (sky130_fd_sc_hd__buf_1)
                                         net4 (net)
                  0.15    0.00    2.40 ^ output4/A (sky130_fd_sc_hd__clkbuf_4)
     1    0.04    0.12    0.21    2.61 ^ output4/X (sky130_fd_sc_hd__clkbuf_4)
                                         cout (net)
                  0.12    0.00    2.61 ^ cout (out)
                                  2.61   data arrival time

                  0.00    0.00    0.00   clock __VIRTUAL_CLK__ (rise edge)
                          0.00    0.00   clock network delay (ideal)
                          0.25    0.25   clock uncertainty
                          0.00    0.25   clock reconvergence pessimism
                         -2.00   -1.75   output external delay
                                 -1.75   data required time
-----------------------------------------------------------------------------
                                 -1.75   data required time
                                 -2.61   data arrival time
-----------------------------------------------------------------------------
                                  4.36   slack (MET)



worst slack corner Typical: 4.1587
min_report_end
max_report

===========================================================================
report_checks -path_delay max (Setup)
============================================================================
======================= Typical Corner ===================================

Startpoint: a (input port clocked by __VIRTUAL_CLK__)
Endpoint: cout (output port clocked by __VIRTUAL_CLK__)
Path Group: __VIRTUAL_CLK__
Path Type: max

Fanout     Cap    Slew   Delay    Time   Description
-----------------------------------------------------------------------------
                  0.00    0.00    0.00   clock __VIRTUAL_CLK__ (rise edge)
                          0.00    0.00   clock network delay (ideal)
                          2.00    2.00 v input external delay
     1    0.00    0.01    0.01    2.01 v a (in)
                                         a (net)
                  0.01    0.00    2.01 v input1/A (sky130_fd_sc_hd__clkbuf_2)
     3    0.02    0.08    0.14    2.14 v input1/X (sky130_fd_sc_hd__clkbuf_2)
                                         net1 (net)
                  0.08    0.00    2.15 v _6_/A (sky130_fd_sc_hd__or2_1)
     1    0.00    0.05    0.24    2.39 v _6_/X (sky130_fd_sc_hd__or2_1)
                                         _2_ (net)
                  0.05    0.00    2.39 v _8_/A0 (sky130_fd_sc_hd__mux2_1)
     1    0.00    0.05    0.29    2.68 v _8_/X (sky130_fd_sc_hd__mux2_1)
                                         _0_ (net)
                  0.05    0.00    2.68 v _9_/A (sky130_fd_sc_hd__buf_1)
     1    0.01    0.07    0.14    2.82 v _9_/X (sky130_fd_sc_hd__buf_1)
                                         net4 (net)
                  0.07    0.00    2.82 v output4/A (sky130_fd_sc_hd__clkbuf_4)
     1    0.04    0.08    0.21    3.02 v output4/X (sky130_fd_sc_hd__clkbuf_4)
                                         cout (net)
                  0.08    0.00    3.03 v cout (out)
                                  3.03   data arrival time

                  0.00   10.00   10.00   clock __VIRTUAL_CLK__ (rise edge)
                          0.00   10.00   clock network delay (ideal)
                         -0.25    9.75   clock uncertainty
                          0.00    9.75   clock reconvergence pessimism
                         -2.00    7.75   output external delay
                                  7.75   data required time
-----------------------------------------------------------------------------
                                  7.75   data required time
                                 -3.03   data arrival time
-----------------------------------------------------------------------------
                                  4.72   slack (MET)


Startpoint: a (input port clocked by __VIRTUAL_CLK__)
Endpoint: s (output port clocked by __VIRTUAL_CLK__)
Path Group: __VIRTUAL_CLK__
Path Type: max

Fanout     Cap    Slew   Delay    Time   Description
-----------------------------------------------------------------------------
                  0.00    0.00    0.00   clock __VIRTUAL_CLK__ (rise edge)
                          0.00    0.00   clock network delay (ideal)
                          2.00    2.00 v input external delay
     1    0.00    0.01    0.01    2.01 v a (in)
                                         a (net)
                  0.01    0.00    2.01 v input1/A (sky130_fd_sc_hd__clkbuf_2)
     3    0.02    0.08    0.14    2.14 v input1/X (sky130_fd_sc_hd__clkbuf_2)
                                         net1 (net)
                  0.08    0.00    2.15 v _4_/A (sky130_fd_sc_hd__xnor2_1)
     1    0.01    0.23    0.26    2.41 ^ _4_/Y (sky130_fd_sc_hd__xnor2_1)
                                         _1_ (net)
                  0.23    0.00    2.41 ^ _5_/B (sky130_fd_sc_hd__xnor2_2)
     1    0.01    0.21    0.18    2.59 ^ _5_/Y (sky130_fd_sc_hd__xnor2_2)
                                         net5 (net)
                  0.21    0.00    2.59 ^ output5/A (sky130_fd_sc_hd__clkbuf_4)
     1    0.04    0.12    0.26    2.85 ^ output5/X (sky130_fd_sc_hd__clkbuf_4)
                                         s (net)
                  0.12    0.00    2.85 ^ s (out)
                                  2.85   data arrival time

                  0.00   10.00   10.00   clock __VIRTUAL_CLK__ (rise edge)
                          0.00   10.00   clock network delay (ideal)
                         -0.25    9.75   clock uncertainty
                          0.00    9.75   clock reconvergence pessimism
                         -2.00    7.75   output external delay
                                  7.75   data required time
-----------------------------------------------------------------------------
                                  7.75   data required time
                                 -2.85   data arrival time
-----------------------------------------------------------------------------
                                  4.90   slack (MET)



worst slack corner Typical: 4.7242
max_report_end
checks_report

===========================================================================
report_checks -unconstrained
===========================================================================
======================= Typical Corner ===================================

Startpoint: a (input port clocked by __VIRTUAL_CLK__)
Endpoint: cout (output port clocked by __VIRTUAL_CLK__)
Path Group: __VIRTUAL_CLK__
Path Type: max

Fanout     Cap    Slew   Delay    Time   Description
-----------------------------------------------------------------------------
                  0.00    0.00    0.00   clock __VIRTUAL_CLK__ (rise edge)
                          0.00    0.00   clock network delay (ideal)
                          2.00    2.00 v input external delay
     1    0.00    0.01    0.01    2.01 v a (in)
                                         a (net)
                  0.01    0.00    2.01 v input1/A (sky130_fd_sc_hd__clkbuf_2)
     3    0.02    0.08    0.14    2.14 v input1/X (sky130_fd_sc_hd__clkbuf_2)
                                         net1 (net)
                  0.08    0.00    2.15 v _6_/A (sky130_fd_sc_hd__or2_1)
     1    0.00    0.05    0.24    2.39 v _6_/X (sky130_fd_sc_hd__or2_1)
                                         _2_ (net)
                  0.05    0.00    2.39 v _8_/A0 (sky130_fd_sc_hd__mux2_1)
     1    0.00    0.05    0.29    2.68 v _8_/X (sky130_fd_sc_hd__mux2_1)
                                         _0_ (net)
                  0.05    0.00    2.68 v _9_/A (sky130_fd_sc_hd__buf_1)
     1    0.01    0.07    0.14    2.82 v _9_/X (sky130_fd_sc_hd__buf_1)
                                         net4 (net)
                  0.07    0.00    2.82 v output4/A (sky130_fd_sc_hd__clkbuf_4)
     1    0.04    0.08    0.21    3.02 v output4/X (sky130_fd_sc_hd__clkbuf_4)
                                         cout (net)
                  0.08    0.00    3.03 v cout (out)
                                  3.03   data arrival time

                  0.00   10.00   10.00   clock __VIRTUAL_CLK__ (rise edge)
                          0.00   10.00   clock network delay (ideal)
                         -0.25    9.75   clock uncertainty
                          0.00    9.75   clock reconvergence pessimism
                         -2.00    7.75   output external delay
                                  7.75   data required time
-----------------------------------------------------------------------------
                                  7.75   data required time
                                 -3.03   data arrival time
-----------------------------------------------------------------------------
                                  4.72   slack (MET)




===========================================================================
report_checks --slack_max -0.01
============================================================================
======================= Typical Corner ===================================

No paths found.


===========================================================================
 report_check_types -max_slew -max_cap -max_fanout -violators
============================================================================
======================= Typical Corner ===================================


max slew violations count Typical: 0
max fanout violations count Typical: 0
max cap violations count Typical: 0

===========================================================================
report_parasitic_annotation -report_unannotated
============================================================================
Found 14 unannotated drivers.
 a
 b
 cin
 _4_/Y
 _5_/Y
 _6_/X
 _7_/Y
 _8_/X
 _9_/X
 input1/X
 input2/X
 input3/X
 output4/X
 output5/X
Found 0 partially unannotated drivers.

===========================================================================
max slew violation count 0
max fanout violation count 0
max cap violation count 0
============================================================================

===========================================================================
check_setup -verbose -unconstrained_endpoints -multiple_clock -no_clock -no_input_delay -loops -generated_clocks
===========================================================================
checks_report_end
power_report

===========================================================================
 report_power
============================================================================
======================= Typical Corner ===================================

Group                  Internal  Switching    Leakage      Total
                          Power      Power      Power      Power (Watts)
----------------------------------------------------------------
Sequential             0.00e+00   0.00e+00   0.00e+00   0.00e+00   0.0%
Combinational          2.34e-06   3.97e-06   3.89e-11   6.30e-06 100.0%
Clock                  0.00e+00   0.00e+00   5.83e-10   5.83e-10   0.0%
Macro                  0.00e+00   0.00e+00   0.00e+00   0.00e+00   0.0%
Pad                    0.00e+00   0.00e+00   0.00e+00   0.00e+00   0.0%
----------------------------------------------------------------
Total                  2.34e-06   3.97e-06   6.22e-10   6.30e-06 100.0%
                          37.1%      62.9%       0.0%

power_report_end
summary_report

===========================================================================
report_tns
============================================================================
tns 0.00

===========================================================================
report_wns
============================================================================
wns 0.00

===========================================================================
report_worst_slack -max (Setup)
============================================================================
worst slack 4.72

===========================================================================
report_worst_slack -min (Hold)
============================================================================
worst slack 4.16
summary_report_end
area_report

===========================================================================
report_design_area
============================================================================
Design area 2210 u^2 2% utilization.
area_report_end
[WARNING] Did not save OpenROAD database!
Writing SDF to '/openlane/designs/fa/runs/run1/results/signoff/fa.sdf'…
Writing timing model to '/openlane/designs/fa/runs/run1/results/signoff/fa.lib'…
