OpenROAD 0889970d1790a2617e69f253221b8bd7626e51dc 
This program is licensed under the BSD-3 license. See the LICENSE file for details.
Components of this program may be licensed under more restrictive licenses which must be honored.
[INFO]: Reading ODB at '/openlane/designs/fa/runs/run1/tmp/routing/19-global.odb'…
define_corners Typical
read_liberty -corner Typical /root/.volare/sky130A/libs.ref/sky130_fd_sc_hd/lib/sky130_fd_sc_hd__tt_025C_1v80.lib
Using 1e-12 for capacitance...
Using 1e+03 for resistance...
Using 1e-09 for time...
Using 1e+00 for voltage...
Using 1e-03 for current...
Using 1e-09 for power...
Using 1e-06 for distance...
Reading design constraints file at '/openlane/scripts/base.sdc'…
[INFO]: Setting output delay to: 2.0
[INFO]: Setting input delay to: 2.0
[WARNING STA-0337] port '__VIRTUAL_CLK__' not found.
[INFO]: Setting load to: 0.033442
[INFO]: Setting clock uncertainty to: 0.25
[INFO]: Setting clock transition to: 0.15
[WARNING STA-0559] transition time can not be specified for virtual clocks.
[INFO]: Setting timing derate to: 5.0 %
min_report

===========================================================================
report_checks -path_delay min (Hold)
============================================================================
======================= Typical Corner ===================================

Startpoint: b (input port clocked by __VIRTUAL_CLK__)
Endpoint: s (output port clocked by __VIRTUAL_CLK__)
Path Group: __VIRTUAL_CLK__
Path Type: min

Fanout     Cap    Slew   Delay    Time   Description
-----------------------------------------------------------------------------
                  0.00    0.00    0.00   clock __VIRTUAL_CLK__ (rise edge)
                          0.00    0.00   clock network delay (ideal)
                          2.00    2.00 ^ input external delay
     1    0.00    0.02    0.01    2.01 ^ b (in)
                                         b (net)
                  0.02    0.00    2.01 ^ input2/A (sky130_fd_sc_hd__clkbuf_2)
     2    0.01    0.08    0.11    2.12 ^ input2/X (sky130_fd_sc_hd__clkbuf_2)
                                         net2 (net)
                  0.08    0.00    2.12 ^ _5_/A (sky130_fd_sc_hd__xnor2_2)
     1    0.00    0.03    0.06    2.18 v _5_/Y (sky130_fd_sc_hd__xnor2_2)
                                         net5 (net)
                  0.03    0.00    2.18 v output5/A (sky130_fd_sc_hd__clkbuf_4)
     1    0.03    0.08    0.17    2.35 v output5/X (sky130_fd_sc_hd__clkbuf_4)
                                         s (net)
                  0.08    0.00    2.35 v s (out)
                                  2.35   data arrival time

                  0.00    0.00    0.00   clock __VIRTUAL_CLK__ (rise edge)
                          0.00    0.00   clock network delay (ideal)
                          0.25    0.25   clock uncertainty
                          0.00    0.25   clock reconvergence pessimism
                         -2.00   -1.75   output external delay
                                 -1.75   data required time
-----------------------------------------------------------------------------
                                 -1.75   data required time
                                 -2.35   data arrival time
-----------------------------------------------------------------------------
                                  4.10   slack (MET)


Startpoint: b (input port clocked by __VIRTUAL_CLK__)
Endpoint: cout (output port clocked by __VIRTUAL_CLK__)
Path Group: __VIRTUAL_CLK__
Path Type: min

Fanout     Cap    Slew   Delay    Time   Description
-----------------------------------------------------------------------------
                  0.00    0.00    0.00   clock __VIRTUAL_CLK__ (rise edge)
                          0.00    0.00   clock network delay (ideal)
                          2.00    2.00 ^ input external delay
     1    0.00    0.02    0.01    2.01 ^ b (in)
                                         b (net)
                  0.02    0.00    2.01 ^ input2/A (sky130_fd_sc_hd__clkbuf_2)
     2    0.01    0.08    0.11    2.12 ^ input2/X (sky130_fd_sc_hd__clkbuf_2)
                                         net2 (net)
                  0.08    0.00    2.12 ^ _8_/S (sky130_fd_sc_hd__mux2_1)
     1    0.00    0.04    0.12    2.24 ^ _8_/X (sky130_fd_sc_hd__mux2_1)
                                         _0_ (net)
                  0.04    0.00    2.24 ^ _9_/A (sky130_fd_sc_hd__buf_1)
     1    0.00    0.04    0.07    2.31 ^ _9_/X (sky130_fd_sc_hd__buf_1)
                                         net4 (net)
                  0.04    0.00    2.31 ^ output4/A (sky130_fd_sc_hd__clkbuf_4)
     1    0.03    0.11    0.17    2.49 ^ output4/X (sky130_fd_sc_hd__clkbuf_4)
                                         cout (net)
                  0.11    0.00    2.49 ^ cout (out)
                                  2.49   data arrival time

                  0.00    0.00    0.00   clock __VIRTUAL_CLK__ (rise edge)
                          0.00    0.00   clock network delay (ideal)
                          0.25    0.25   clock uncertainty
                          0.00    0.25   clock reconvergence pessimism
                         -2.00   -1.75   output external delay
                                 -1.75   data required time
-----------------------------------------------------------------------------
                                 -1.75   data required time
                                 -2.49   data arrival time
-----------------------------------------------------------------------------
                                  4.24   slack (MET)



worst slack corner Typical: 4.0978
min_report_end
max_report

===========================================================================
report_checks -path_delay max (Setup)
============================================================================
======================= Typical Corner ===================================

Startpoint: a (input port clocked by __VIRTUAL_CLK__)
Endpoint: cout (output port clocked by __VIRTUAL_CLK__)
Path Group: __VIRTUAL_CLK__
Path Type: max

Fanout     Cap    Slew   Delay    Time   Description
-----------------------------------------------------------------------------
                  0.00    0.00    0.00   clock __VIRTUAL_CLK__ (rise edge)
                          0.00    0.00   clock network delay (ideal)
                          2.00    2.00 v input external delay
     1    0.00    0.01    0.00    2.00 v a (in)
                                         a (net)
                  0.01    0.00    2.00 v input1/A (sky130_fd_sc_hd__clkbuf_2)
     3    0.01    0.04    0.10    2.11 v input1/X (sky130_fd_sc_hd__clkbuf_2)
                                         net1 (net)
                  0.04    0.00    2.11 v _6_/A (sky130_fd_sc_hd__or2_1)
     1    0.00    0.04    0.22    2.33 v _6_/X (sky130_fd_sc_hd__or2_1)
                                         _2_ (net)
                  0.04    0.00    2.33 v _8_/A0 (sky130_fd_sc_hd__mux2_1)
     1    0.00    0.05    0.28    2.61 v _8_/X (sky130_fd_sc_hd__mux2_1)
                                         _0_ (net)
                  0.05    0.00    2.61 v _9_/A (sky130_fd_sc_hd__buf_1)
     1    0.00    0.02    0.09    2.70 v _9_/X (sky130_fd_sc_hd__buf_1)
                                         net4 (net)
                  0.02    0.00    2.70 v output4/A (sky130_fd_sc_hd__clkbuf_4)
     1    0.03    0.08    0.18    2.88 v output4/X (sky130_fd_sc_hd__clkbuf_4)
                                         cout (net)
                  0.08    0.00    2.88 v cout (out)
                                  2.88   data arrival time

                  0.00   10.00   10.00   clock __VIRTUAL_CLK__ (rise edge)
                          0.00   10.00   clock network delay (ideal)
                         -0.25    9.75   clock uncertainty
                          0.00    9.75   clock reconvergence pessimism
                         -2.00    7.75   output external delay
                                  7.75   data required time
-----------------------------------------------------------------------------
                                  7.75   data required time
                                 -2.88   data arrival time
-----------------------------------------------------------------------------
                                  4.87   slack (MET)


Startpoint: a (input port clocked by __VIRTUAL_CLK__)
Endpoint: s (output port clocked by __VIRTUAL_CLK__)
Path Group: __VIRTUAL_CLK__
Path Type: max

Fanout     Cap    Slew   Delay    Time   Description
-----------------------------------------------------------------------------
                  0.00    0.00    0.00   clock __VIRTUAL_CLK__ (rise edge)
                          0.00    0.00   clock network delay (ideal)
                          2.00    2.00 v input external delay
     1    0.00    0.01    0.00    2.00 v a (in)
                                         a (net)
                  0.01    0.00    2.00 v input1/A (sky130_fd_sc_hd__clkbuf_2)
     3    0.01    0.04    0.10    2.11 v input1/X (sky130_fd_sc_hd__clkbuf_2)
                                         net1 (net)
                  0.04    0.00    2.11 v _4_/A (sky130_fd_sc_hd__xnor2_1)
     1    0.01    0.23    0.24    2.35 ^ _4_/Y (sky130_fd_sc_hd__xnor2_1)
                                         _1_ (net)
                  0.23    0.00    2.35 ^ _5_/B (sky130_fd_sc_hd__xnor2_2)
     1    0.00    0.09    0.14    2.48 ^ _5_/Y (sky130_fd_sc_hd__xnor2_2)
                                         net5 (net)
                  0.09    0.00    2.48 ^ output5/A (sky130_fd_sc_hd__clkbuf_4)
     1    0.03    0.11    0.21    2.69 ^ output5/X (sky130_fd_sc_hd__clkbuf_4)
                                         s (net)
                  0.11    0.00    2.69 ^ s (out)
                                  2.69   data arrival time

                  0.00   10.00   10.00   clock __VIRTUAL_CLK__ (rise edge)
                          0.00   10.00   clock network delay (ideal)
                         -0.25    9.75   clock uncertainty
                          0.00    9.75   clock reconvergence pessimism
                         -2.00    7.75   output external delay
                                  7.75   data required time
-----------------------------------------------------------------------------
                                  7.75   data required time
                                 -2.69   data arrival time
-----------------------------------------------------------------------------
                                  5.06   slack (MET)



worst slack corner Typical: 4.8715
max_report_end
checks_report

===========================================================================
report_checks -unconstrained
===========================================================================
======================= Typical Corner ===================================

Startpoint: a (input port clocked by __VIRTUAL_CLK__)
Endpoint: cout (output port clocked by __VIRTUAL_CLK__)
Path Group: __VIRTUAL_CLK__
Path Type: max

Fanout     Cap    Slew   Delay    Time   Description
-----------------------------------------------------------------------------
                  0.00    0.00    0.00   clock __VIRTUAL_CLK__ (rise edge)
                          0.00    0.00   clock network delay (ideal)
                          2.00    2.00 v input external delay
     1    0.00    0.01    0.00    2.00 v a (in)
                                         a (net)
                  0.01    0.00    2.00 v input1/A (sky130_fd_sc_hd__clkbuf_2)
     3    0.01    0.04    0.10    2.11 v input1/X (sky130_fd_sc_hd__clkbuf_2)
                                         net1 (net)
                  0.04    0.00    2.11 v _6_/A (sky130_fd_sc_hd__or2_1)
     1    0.00    0.04    0.22    2.33 v _6_/X (sky130_fd_sc_hd__or2_1)
                                         _2_ (net)
                  0.04    0.00    2.33 v _8_/A0 (sky130_fd_sc_hd__mux2_1)
     1    0.00    0.05    0.28    2.61 v _8_/X (sky130_fd_sc_hd__mux2_1)
                                         _0_ (net)
                  0.05    0.00    2.61 v _9_/A (sky130_fd_sc_hd__buf_1)
     1    0.00    0.02    0.09    2.70 v _9_/X (sky130_fd_sc_hd__buf_1)
                                         net4 (net)
                  0.02    0.00    2.70 v output4/A (sky130_fd_sc_hd__clkbuf_4)
     1    0.03    0.08    0.18    2.88 v output4/X (sky130_fd_sc_hd__clkbuf_4)
                                         cout (net)
                  0.08    0.00    2.88 v cout (out)
                                  2.88   data arrival time

                  0.00   10.00   10.00   clock __VIRTUAL_CLK__ (rise edge)
                          0.00   10.00   clock network delay (ideal)
                         -0.25    9.75   clock uncertainty
                          0.00    9.75   clock reconvergence pessimism
                         -2.00    7.75   output external delay
                                  7.75   data required time
-----------------------------------------------------------------------------
                                  7.75   data required time
                                 -2.88   data arrival time
-----------------------------------------------------------------------------
                                  4.87   slack (MET)




===========================================================================
report_checks --slack_max -0.01
============================================================================
======================= Typical Corner ===================================

No paths found.


===========================================================================
 report_check_types -max_slew -max_cap -max_fanout -violators
============================================================================
======================= Typical Corner ===================================


max slew violations count Typical: 0
max fanout violations count Typical: 0
max cap violations count Typical: 0

===========================================================================
report_parasitic_annotation -report_unannotated
============================================================================
Found 14 unannotated drivers.
 a
 b
 cin
 _4_/Y
 _5_/Y
 _6_/X
 _7_/Y
 _8_/X
 _9_/X
 input1/X
 input2/X
 input3/X
 output4/X
 output5/X
Found 0 partially unannotated drivers.

===========================================================================
max slew violation count 0
max fanout violation count 0
max cap violation count 0
============================================================================

===========================================================================
check_setup -verbose -unconstrained_endpoints -multiple_clock -no_clock -no_input_delay -loops -generated_clocks
===========================================================================
checks_report_end
power_report

===========================================================================
 report_power
============================================================================
======================= Typical Corner ===================================

Group                  Internal  Switching    Leakage      Total
                          Power      Power      Power      Power (Watts)
----------------------------------------------------------------
Sequential             0.00e+00   0.00e+00   0.00e+00   0.00e+00   0.0%
Combinational          2.34e-06   2.79e-06   3.89e-11   5.13e-06 100.0%
Clock                  0.00e+00   0.00e+00   5.83e-10   5.83e-10   0.0%
Macro                  0.00e+00   0.00e+00   0.00e+00   0.00e+00   0.0%
Pad                    0.00e+00   0.00e+00   0.00e+00   0.00e+00   0.0%
----------------------------------------------------------------
Total                  2.34e-06   2.79e-06   6.22e-10   5.13e-06 100.0%
                          45.6%      54.4%       0.0%

power_report_end
summary_report

===========================================================================
report_tns
============================================================================
tns 0.00

===========================================================================
report_wns
============================================================================
wns 0.00

===========================================================================
report_worst_slack -max (Setup)
============================================================================
worst slack 4.87

===========================================================================
report_worst_slack -min (Hold)
============================================================================
worst slack 4.10
summary_report_end
area_report

===========================================================================
report_design_area
============================================================================
Design area 2210 u^2 2% utilization.
area_report_end
[WARNING] Did not save OpenROAD database!
